



This is EPOS!

Setting up this machine as follows: 
  Mode:         library
  Processor:    1 x RV64 at 1000 MHz (BUS clock = 33 MHz)
  Machine:      SiFive-U
  Memory:       131072 KB [0x0000000080000000:0x0000000087ffffff]
  User memory:  131047 KB [0x0000000080000000:0x0000000087ff9fff]
  I/O space:    524288 KB [0x0000000000000000:0x000000001fffffff]
  Node Id:      will get from the network!
  Position:     will get from the network!

Producer x Consumer
P->a C<-a P->b C<-b P->c C<-c P->d C<-d P->e C<-e P->f C<-f P->g C<-g P->h C<-h 
P->i C<-i P->j C<-j P->k C<-k P->l C<-l P->m C<-m P->n C<-n P->o C<-o P->p C<-p 
P->a C<-a P->b C<-b P->c C<-c P->d C<-d P->e C<-e P->f C<-f P->g C<-g P->h C<-h 
P->i C<-i P->j C<-j P->k C<-k P->l C<-l P->m C<-m P->n C<-n P->o C<-o P->p C<-p 
P->a C<-a P->b C<-b P->c C<-c P->d C<-d P->e C<-e P->f C<-f P->g C<-g P->h C<-h 
P->i C<-i P->j C<-j P->k C<-k P->l C<-l P->m C<-m P->n C<-n P->o C<-o P->p C<-p 
P->a C<-a P->b C<-b P->c C<-c P->d C<-d P->e C<-e P->f C<-f P->g C<-g P->h C<-h 
P->i C<-i P->j C<-j P->k C<-k P->l C<-l P->m C<-m P->n C<-n P->o C<-o P->p C<-p 
P->a C<-a P->b C<-b P->c C<-c P->d C<-d P->e C<-e P->f C<-f P->g C<-g P->h C<-h 
P->i C<-i P->j C<-j P->k C<-k P->l C<-l P->m C<-m P->n C<-n P->o C<-o P->p C<-p 
P->a C<-a P->b C<-b P->c C<-c P->d C<-d P->e C<-e P->f C<-f P->g C<-g P->h C<-h 
P->i C<-i P->j C<-j P->k C<-k P->l C<-l P->m C<-m P->n C<-n P->o C<-o P->p C<-p 
P->a C<-a P->b C<-b P->c C<-c P->d C<-d P->e C<-e P->f C<-f P->g C<-g P->h C<-h 
P->i C<-i P->j C<-j P->k C<-k P->l C<-l P->m C<-m P->n C<-n P->o C<-o P->p C<-p 
P->a C<-a P->b C<-b P->c C<-c P->d C<-d P->e C<-e P->f C<-f P->g C<-g P->h C<-h 
P->i C<-i P->j C<-j P->k C<-k P->l C<-l P->m C<-m P->n C<-n P->o C<-o P->p C<-p 
The end!
The last thread has exited!
Rebooting the machine ...
Machine::reboot()
